[0.214s] Invoking command in '/home/vicky/TrashBot_ws/src/build/robot_body_planning': /usr/bin/cmake --build /home/vicky/TrashBot_ws/src/build/robot_body_planning -- -j8 -l8
[0.228s] -- Found ament_cmake: 1.1.6 (/opt/ros/galactic/share/ament_cmake/cmake)
[0.228s] [33mCMake Warning (dev) at /opt/ros/galactic/share/ament_cmake_core/cmake/core/python.cmake:22 (find_package):
[0.229s]   Policy CMP0148 is not set: The FindPythonInterp and FindPythonLibs modules
[0.229s]   are removed.  Run "cmake --help-policy CMP0148" for policy details.  Use
[0.229s]   the cmake_policy command to set the policy and suppress this warning.
[0.229s] 
[0.229s] Call Stack (most recent call first):
[0.229s]   /opt/ros/galactic/share/ament_cmake_core/cmake/core/all.cmake:53 (include)
[0.229s]   /opt/ros/galactic/share/ament_cmake_core/cmake/ament_cmake_core-extras.cmake:17 (include)
[0.229s]   /opt/ros/galactic/share/ament_cmake_core/cmake/ament_cmake_coreConfig.cmake:41 (include)
[0.229s]   /opt/ros/galactic/share/ament_cmake/cmake/ament_cmake_export_dependencies-extras.cmake:15 (find_package)
[0.229s]   /opt/ros/galactic/share/ament_cmake/cmake/ament_cmakeConfig.cmake:41 (include)
[0.229s]   CMakeLists.txt:9 (find_package)
[0.229s] This warning is for project developers.  Use -Wno-dev to suppress it.
[0.229s] [0m
[0.247s] -- Using PYTHON_EXECUTABLE: /usr/bin/python3
[0.300s] -- Found rclcpp: 9.2.2 (/opt/ros/galactic/share/rclcpp/cmake)
[0.327s] -- Using all available rosidl_typesupport_c: rosidl_typesupport_fastrtps_c;rosidl_typesupport_introspection_c
[0.330s] -- Found rosidl_adapter: 2.2.3 (/opt/ros/galactic/share/rosidl_adapter/cmake)
[0.436s] -- Using all available rosidl_typesupport_cpp: rosidl_typesupport_fastrtps_cpp;rosidl_typesupport_introspection_cpp
[0.483s] -- Found rmw_implementation_cmake: 3.3.1 (/opt/ros/galactic/share/rmw_implementation_cmake/cmake)
[0.485s] -- Found rmw_cyclonedds_cpp: 0.22.6 (/opt/ros/galactic/share/rmw_cyclonedds_cpp/cmake)
[0.504s] -- Using RMW implementation 'rmw_cyclonedds_cpp' as default
[0.602s] -- Found nav_msgs: 2.2.4 (/opt/ros/galactic/share/nav_msgs/cmake)
[0.686s] -- Found ament_lint_auto: 0.10.7 (/opt/ros/galactic/share/ament_lint_auto/cmake)
[0.724s] Error parsing '/home/vicky/TrashBot_ws/src/robot_body_planning/package.xml':
[0.879s] Traceback (most recent call last):
[0.879s]   File "/opt/ros/galactic/share/ament_cmake_core/cmake/core/package_xml_2_cmake.py", line 151, in <module>
[0.879s]     main()
[0.879s]   File "/opt/ros/galactic/share/ament_cmake_core/cmake/core/package_xml_2_cmake.py", line 54, in main
[0.879s]     raise e
[0.880s]   File "/opt/ros/galactic/share/ament_cmake_core/cmake/core/package_xml_2_cmake.py", line 50, in main
[0.880s]     package = parse_package_string(
[0.880s]   File "/usr/lib/python3/dist-packages/catkin_pkg/package.py", line 786, in parse_package_string
[0.880s]     raise InvalidPackage('Error(s):%s' % (''.join(['\n- %s' % e for e in errors])), filename)
[0.880s] catkin_pkg.package.InvalidPackage: Error(s) in package '/home/vicky/TrashBot_ws/src/robot_body_planning/package.xml':
[0.880s] Error(s):
[0.880s] - The generic dependency on 'rclcpp' is redundant with: build_depend, exec_depend
[0.880s] - The generic dependency on 'nav_msgs' is redundant with: build_depend, exec_depend
[0.895s] [31mCMake Error at /opt/ros/galactic/share/ament_cmake_core/cmake/core/ament_package_xml.cmake:94 (message):
[0.895s]   execute_process(/usr/bin/python3
[0.895s]   /opt/ros/galactic/share/ament_cmake_core/cmake/core/package_xml_2_cmake.py
[0.895s]   /home/vicky/TrashBot_ws/src/robot_body_planning/package.xml
[0.895s]   /home/vicky/TrashBot_ws/src/build/robot_body_planning/ament_cmake_core/package.cmake)
[0.895s]   returned error code 1
[0.895s] Call Stack (most recent call first):
[0.896s]   /opt/ros/galactic/share/ament_cmake_core/cmake/core/ament_package_xml.cmake:49 (_ament_package_xml)
[0.896s]   /opt/ros/galactic/share/ament_lint_auto/cmake/ament_lint_auto_find_test_dependencies.cmake:31 (ament_package_xml)
[0.896s]   CMakeLists.txt:34 (ament_lint_auto_find_test_dependencies)
[0.896s] 
[0.896s] [0m
[0.896s] -- Configuring incomplete, errors occurred!
[0.904s] make: *** [Makefile:267: cmake_check_build_system] Error 1
[0.906s] Invoked command in '/home/vicky/TrashBot_ws/src/build/robot_body_planning' returned '2': /usr/bin/cmake --build /home/vicky/TrashBot_ws/src/build/robot_body_planning -- -j8 -l8
